TN:
SF:src/adapter.ts
FN:4,appendCss
FN:5,registerClassName
FN:6,onEndFileScope
FN:7,registerComposition
FN:8,markCompositionUsed
FN:9,getIdentOption
FN:15,currentAdapter
FN:25,setAdapterIfNotSet
FN:31,setAdapter
FN:41,removeAdapter
FN:45,appendCss
FN:49,registerClassName
FN:53,registerComposition
FN:59,markCompositionUsed
FN:65,onBeginFileScope
FN:71,onEndFileScope
FN:75,getIdentOption
FNF:17
FNH:3
FNDA:0,appendCss
FNDA:0,registerClassName
FNDA:0,onEndFileScope
FNDA:0,registerComposition
FNDA:2,markCompositionUsed
FNDA:0,getIdentOption
FNDA:2,currentAdapter
FNDA:0,setAdapterIfNotSet
FNDA:0,setAdapter
FNDA:0,removeAdapter
FNDA:0,appendCss
FNDA:0,registerClassName
FNDA:0,registerComposition
FNDA:2,markCompositionUsed
FNDA:0,onBeginFileScope
FNDA:0,onEndFileScope
FNDA:0,getIdentOption
DA:1,1
DA:2,1
DA:3,1
DA:4,1
DA:5,1
DA:6,1
DA:7,1
DA:8,1
DA:9,1
DA:10,0
DA:11,1
DA:12,1
DA:13,1
DA:14,1
DA:15,1
DA:16,2
DA:17,0
DA:18,0
DA:19,2
DA:20,2
DA:21,2
DA:22,1
DA:23,1
DA:24,1
DA:25,1
DA:26,0
DA:27,0
DA:28,0
DA:29,0
DA:30,1
DA:31,1
DA:32,0
DA:33,0
DA:34,0
DA:35,0
DA:36,0
DA:37,0
DA:38,0
DA:39,0
DA:40,1
DA:41,1
DA:42,0
DA:43,0
DA:44,1
DA:45,1
DA:46,0
DA:47,0
DA:48,1
DA:49,1
DA:50,0
DA:51,0
DA:52,1
DA:53,1
DA:54,0
DA:55,0
DA:56,0
DA:57,0
DA:58,1
DA:59,1
DA:60,2
DA:61,2
DA:62,2
DA:63,2
DA:64,1
DA:65,1
DA:66,0
DA:67,0
DA:68,0
DA:69,0
DA:70,1
DA:71,1
DA:72,0
DA:73,0
DA:74,1
DA:75,1
DA:76,0
DA:77,0
DA:78,0
DA:79,0
DA:80,0
DA:81,0
DA:82,0
DA:83,0
DA:84,0
LF:84
LH:44
BRDA:8,0,0,2
BRDA:15,1,0,2
BRDA:16,2,0,0
BRDA:59,3,0,2
BRF:4
BRH:3
end_of_record
TN:
SF:src/conditional-rulesets.ts
FN:26,ConditionalRuleset
FN:31,findOrCreateCondition
FN:47,getConditionalRulesetByPath
FN:60,addRule
FN:71,addConditionPrecedence
FN:91,isCompatible
FN:122,merge
FN:155,mergeIfCompatible
FN:165,getSortedRuleset
FN:168,_loop
FN:194,renderToArray
FNF:11
FNH:11
FNDA:197,ConditionalRuleset
FNDA:160,findOrCreateCondition
FNDA:158,getConditionalRulesetByPath
FNDA:91,addRule
FNDA:67,addConditionPrecedence
FNDA:91,isCompatible
FNDA:85,merge
FNDA:67,mergeIfCompatible
FNDA:108,getSortedRuleset
FNDA:64,_loop
FNDA:108,renderToArray
DA:1,1
DA:2,1
DA:3,1
DA:4,1
DA:5,1
DA:6,1
DA:7,1
DA:8,1
DA:9,1
DA:10,1
DA:11,1
DA:12,1
DA:13,1
DA:14,1
DA:15,1
DA:16,1
DA:17,1
DA:18,1
DA:19,1
DA:20,1
DA:21,1
DA:22,1
DA:23,1
DA:24,1
DA:25,1
DA:26,1
DA:27,197
DA:28,197
DA:29,197
DA:30,1
DA:31,1
DA:32,160
DA:33,160
DA:34,160
DA:35,85
DA:36,85
DA:37,85
DA:38,85
DA:39,85
DA:40,85
DA:41,85
DA:42,85
DA:43,160
DA:44,160
DA:45,160
DA:46,1
DA:47,1
DA:48,158
DA:49,158
DA:50,158
DA:51,158
DA:52,69
DA:53,69
DA:54,69
DA:55,69
DA:56,158
DA:57,158
DA:58,158
DA:59,1
DA:60,1
DA:61,91
DA:62,91
DA:63,91
DA:64,91
DA:65,0
DA:66,0
DA:67,91
DA:68,91
DA:69,91
DA:70,1
DA:71,1
DA:72,67
DA:73,67
DA:74,67
DA:75,67
DA:76,67
DA:77,67
DA:78,87
DA:79,87
DA:80,87
DA:81,87
DA:82,87
DA:83,87
DA:84,24
DA:85,24
DA:86,87
DA:87,87
DA:88,87
DA:89,67
DA:90,1
DA:91,1
DA:92,91
DA:93,91
DA:94,91
DA:95,91
DA:96,52
DA:97,11
DA:98,11
DA:99,11
DA:100,8
DA:101,11
DA:102,3
DA:103,3
DA:104,11
DA:105,52
DA:106,88
DA:107,88
DA:108,91
DA:109,63
DA:110,63
DA:111,63
DA:112,63
DA:113,24
DA:114,63
DA:115,3
DA:116,3
DA:117,63
DA:118,85
DA:119,85
DA:120,85
DA:121,1
DA:122,1
DA:123,85
DA:124,85
DA:125,60
DA:126,60
DA:127,60
DA:128,21
DA:129,21
DA:130,21
DA:131,60
DA:132,39
DA:133,39
DA:134,60
DA:135,85
DA:136,85
DA:137,85
DA:138,85
DA:139,85
DA:140,85
DA:141,60
DA:142,60
DA:143,60
DA:144,60
DA:145,60
DA:146,60
DA:147,60
DA:148,85
DA:149,1
DA:150,1
DA:151,1
DA:152,1
DA:153,1
DA:154,1
DA:155,1
DA:156,67
DA:157,3
DA:158,3
DA:159,64
DA:160,64
DA:161,64
DA:162,64
DA:163,64
DA:164,1
DA:165,1
DA:166,108
DA:167,108
DA:168,108
DA:169,64
DA:170,64
DA:171,64
DA:172,64
DA:173,0
DA:174,0
DA:175,64
DA:176,64
DA:177,64
DA:178,64
DA:179,29
DA:180,64
DA:181,64
DA:182,64
DA:183,4
DA:184,4
DA:185,64
DA:186,60
DA:187,60
DA:188,60
DA:189,64
DA:190,108
DA:191,108
DA:192,108
DA:193,1
DA:194,1
DA:195,108
DA:196,108
DA:197,108
DA:198,64
DA:199,64
DA:200,64
DA:201,91
DA:202,91
DA:203,64
DA:204,64
DA:205,64
DA:206,64
DA:207,64
DA:208,108
DA:209,108
DA:210,108
DA:211,1
LF:211
LH:207
BRDA:26,0,0,197
BRDA:31,1,0,160
BRDA:34,2,0,85
BRDA:47,3,0,158
BRDA:51,4,0,69
BRDA:60,5,0,91
BRDA:64,6,0,0
BRDA:71,7,0,67
BRDA:77,8,0,87
BRDA:81,9,0,2
BRDA:81,10,0,85
BRDA:83,11,0,24
BRDA:91,12,0,91
BRDA:95,13,0,52
BRDA:96,14,0,11
BRDA:100,15,0,8
BRDA:101,16,0,3
BRDA:105,17,0,88
BRDA:108,18,0,63
BRDA:112,19,0,24
BRDA:114,20,0,3
BRDA:117,21,0,85
BRDA:122,22,0,85
BRDA:124,23,0,60
BRDA:127,24,0,21
BRDA:131,25,0,39
BRDA:140,26,0,60
BRDA:141,27,0,21
BRDA:141,28,0,39
BRDA:155,29,0,67
BRDA:156,30,0,3
BRDA:158,31,0,64
BRDA:165,32,0,108
BRDA:169,33,0,64
BRDA:168,34,0,64
BRDA:172,35,0,0
BRDA:182,36,0,4
BRDA:185,37,0,60
BRDA:178,38,0,29
BRDA:194,39,0,108
BRDA:197,40,0,64
BRDA:200,41,0,91
BRF:42
BRH:40
end_of_record
TN:
SF:src/simple-pseudos.ts
FNF:0
FNH:0
DA:1,1
DA:2,1
DA:3,1
DA:4,1
DA:5,1
DA:6,1
DA:7,1
DA:8,1
DA:9,1
DA:10,1
DA:11,1
DA:12,1
DA:13,1
DA:14,1
DA:15,1
DA:16,1
DA:17,1
DA:18,1
DA:19,1
DA:20,1
DA:21,1
DA:22,1
DA:23,1
DA:24,1
DA:25,1
DA:26,1
DA:27,1
DA:28,1
DA:29,1
DA:30,1
DA:31,1
DA:32,1
DA:33,1
DA:34,1
DA:35,1
DA:36,1
DA:37,1
DA:38,1
DA:39,1
DA:40,1
DA:41,1
DA:42,1
DA:43,1
DA:44,1
DA:45,1
DA:46,1
DA:47,1
DA:48,1
DA:49,1
DA:50,1
DA:51,1
DA:52,1
DA:53,1
DA:54,1
DA:55,1
DA:56,1
DA:57,1
DA:58,1
DA:59,1
DA:60,1
DA:61,1
DA:62,1
DA:63,1
DA:64,1
DA:65,1
DA:66,1
DA:67,1
DA:68,1
DA:69,1
DA:70,1
DA:71,1
DA:72,1
DA:73,1
DA:74,1
DA:75,1
DA:76,1
DA:77,1
DA:78,1
DA:79,1
DA:80,1
DA:81,1
DA:82,1
DA:83,1
DA:84,1
DA:85,1
DA:86,1
DA:87,1
DA:88,1
DA:89,1
DA:90,1
DA:91,1
DA:92,1
DA:93,1
DA:94,1
DA:95,1
DA:96,1
DA:97,1
DA:98,1
DA:99,1
DA:100,1
DA:101,1
DA:102,1
DA:103,1
DA:104,1
DA:105,1
LF:105
LH:105
BRF:0
BRH:0
end_of_record
TN:
SF:src/transform-css.ts
FN:73,dashify
FN:80,replaceBetweenIndexes
FN:120,Stylesheet
FN:144,processCssObj
FN:194,addConditionalRule
FN:216,addRule
FN:227,addLayer
FN:233,transformProperties
FN:237,pixelifyProperties
FN:251,transformVars
FN:262,transformContent
FN:286,transformClassname
FN:292,transformSelector
FN:295,_loop
FN:340,transformSelectors
FN:386,transformMedia
FN:424,transformContainer
FN:460,transformLayer
FN:495,transformSupports
FN:529,transformSimplePseudos
FN:564,toCss
FN:609,renderCss
FN:611,_loop2
FN:646,transformCss
FNF:24
FNH:24
FNDA:166,dashify
FNDA:48,replaceBetweenIndexes
FNDA:43,Stylesheet
FNDA:75,processCssObj
FNDA:91,addConditionalRule
FNDA:96,addRule
FNDA:23,addLayer
FNDA:189,transformProperties
FNDA:189,pixelifyProperties
FNDA:187,transformVars
FNDA:189,transformContent
FNDA:143,transformClassname
FNDA:220,transformSelector
FNDA:2,_loop
FNDA:136,transformSelectors
FNDA:129,transformMedia
FNDA:135,transformContainer
FNDA:166,transformLayer
FNDA:166,transformSupports
FNDA:137,transformSimplePseudos
FNDA:41,toCss
FNDA:409,renderCss
FNDA:473,_loop2
FNDA:43,transformCss
DA:1,1
DA:2,1
DA:3,1
DA:4,1
DA:5,1
DA:6,1
DA:7,1
DA:8,1
DA:9,1
DA:10,1
DA:11,1
DA:12,1
DA:13,1
DA:14,1
DA:15,1
DA:16,1
DA:17,1
DA:18,1
DA:19,1
DA:20,1
DA:21,1
DA:22,1
DA:23,1
DA:24,1
DA:25,1
DA:26,1
DA:27,1
DA:28,1
DA:29,1
DA:30,1
DA:31,1
DA:32,1
DA:33,1
DA:34,1
DA:35,1
DA:36,1
DA:37,1
DA:38,1
DA:39,1
DA:40,1
DA:41,1
DA:42,1
DA:43,1
DA:44,1
DA:45,1
DA:46,1
DA:47,1
DA:48,1
DA:49,1
DA:50,1
DA:51,1
DA:52,1
DA:53,1
DA:54,1
DA:55,1
DA:56,1
DA:57,1
DA:58,1
DA:59,1
DA:60,1
DA:61,1
DA:62,1
DA:63,1
DA:64,1
DA:65,1
DA:66,1
DA:67,1
DA:68,1
DA:69,1
DA:70,1
DA:71,1
DA:72,1
DA:73,166
DA:74,166
DA:75,166
DA:76,166
DA:77,166
DA:78,166
DA:79,1
DA:80,48
DA:81,48
DA:82,48
DA:83,48
DA:84,48
DA:85,48
DA:86,48
DA:87,48
DA:88,48
DA:89,48
DA:90,48
DA:91,1
DA:92,1
DA:93,1
DA:94,1
DA:95,1
DA:96,1
DA:97,1
DA:98,1
DA:99,1
DA:100,1
DA:101,1
DA:102,1
DA:103,1
DA:104,1
DA:105,1
DA:106,1
DA:107,1
DA:108,1
DA:109,1
DA:110,1
DA:111,1
DA:112,1
DA:113,1
DA:114,1
DA:115,1
DA:116,1
DA:117,1
DA:118,1
DA:119,1
DA:120,1
DA:121,43
DA:122,43
DA:123,43
DA:124,43
DA:125,43
DA:126,43
DA:127,43
DA:128,43
DA:129,43
DA:130,43
DA:131,43
DA:132,43
DA:133,43
DA:134,43
DA:135,43
DA:136,43
DA:137,43
DA:138,2
DA:139,2
DA:140,43
DA:141,43
DA:142,43
DA:143,1
DA:144,1
DA:145,75
DA:146,5
DA:147,5
DA:148,5
DA:149,5
DA:150,75
DA:151,1
DA:152,1
DA:153,2
DA:154,1
DA:155,1
DA:156,1
DA:157,1
DA:158,1
DA:159,1
DA:160,69
DA:161,69
DA:162,69
DA:163,75
DA:164,10
DA:165,10
DA:166,75
DA:167,59
DA:168,59
DA:169,59
DA:170,59
DA:171,59
DA:172,59
DA:173,59
DA:174,59
DA:175,59
DA:176,59
DA:177,59
DA:178,59
DA:179,59
DA:180,59
DA:181,59
DA:182,67
DA:183,67
DA:184,67
DA:185,67
DA:186,67
DA:187,67
DA:188,75
DA:189,3
DA:190,3
DA:191,3
DA:192,75
DA:193,1
DA:194,1
DA:195,91
DA:196,91
DA:197,91
DA:198,91
DA:199,91
DA:200,0
DA:201,0
DA:202,91
DA:203,91
DA:204,91
DA:205,91
DA:206,91
DA:207,91
DA:208,91
DA:209,91
DA:210,91
DA:211,91
DA:212,91
DA:213,91
DA:214,91
DA:215,1
DA:216,1
DA:217,96
DA:218,96
DA:219,96
DA:220,96
DA:221,96
DA:222,96
DA:223,96
DA:224,96
DA:225,96
DA:226,1
DA:227,1
DA:228,23
DA:229,23
DA:230,23
DA:231,23
DA:232,1
DA:233,1
DA:234,189
DA:235,189
DA:236,1
DA:237,1
DA:238,189
DA:239,154
DA:240,154
DA:241,154
DA:242,4
DA:243,154
DA:244,1
DA:245,1
DA:246,189
DA:247,189
DA:248,189
DA:249,189
DA:250,1
DA:251,1
DA:252,187
DA:253,186
DA:254,186
DA:255,1
DA:256,1
DA:257,1
DA:258,1
DA:259,1
DA:260,1
DA:261,1
DA:262,1
DA:263,189
DA:264,160
DA:265,160
DA:266,29
DA:267,29
DA:268,189
DA:269,189
DA:270,189
DA:271,189
DA:272,30
DA:273,30
DA:274,29
DA:275,29
DA:276,21
DA:277,21
DA:278,29
DA:279,24
DA:280,6
DA:281,189
DA:282,189
DA:283,189
DA:284,189
DA:285,1
DA:286,1
DA:287,143
DA:288,143
DA:289,143
DA:290,143
DA:291,1
DA:292,1
DA:293,220
DA:294,220
DA:295,2
DA:296,2
DA:297,2
DA:298,2
DA:299,2
DA:300,2
DA:301,2
DA:302,220
DA:303,220
DA:304,95
DA:305,95
DA:306,125
DA:307,125
DA:308,125
DA:309,125
DA:310,125
DA:311,125
DA:312,220
DA:313,87
DA:314,87
DA:315,87
DA:316,87
DA:317,0
DA:318,0
DA:319,0
DA:320,0
DA:321,0
DA:322,0
DA:323,87
DA:324,87
DA:325,87
DA:326,87
DA:327,87
DA:328,48
DA:329,48
DA:330,48
DA:331,48
DA:332,48
DA:333,48
DA:334,48
DA:335,87
DA:336,125
DA:337,125
DA:338,125
DA:339,1
DA:340,1
DA:341,136
DA:342,136
DA:343,136
DA:344,136
DA:345,136
DA:346,34
DA:347,1
DA:348,1
DA:349,1
DA:350,1
DA:351,1
DA:352,1
DA:353,33
DA:354,33
DA:355,33
DA:356,33
DA:357,33
DA:358,33
DA:359,33
DA:360,33
DA:361,33
DA:362,33
DA:363,33
DA:364,34
DA:365,2
DA:366,34
DA:367,31
DA:368,31
DA:369,33
DA:370,33
DA:371,33
DA:372,33
DA:373,33
DA:374,33
DA:375,33
DA:376,33
DA:377,33
DA:378,33
DA:379,33
DA:380,33
DA:381,33
DA:382,33
DA:383,136
DA:384,136
DA:385,1
DA:386,1
DA:387,129
DA:388,129
DA:389,129
DA:390,129
DA:391,129
DA:392,34
DA:393,34
DA:394,34
DA:395,34
DA:396,34
DA:397,34
DA:398,50
DA:399,50
DA:400,50
DA:401,50
DA:402,50
DA:403,50
DA:404,50
DA:405,50
DA:406,50
DA:407,50
DA:408,50
DA:409,50
DA:410,50
DA:411,50
DA:412,50
DA:413,45
DA:414,45
DA:415,45
DA:416,50
DA:417,50
DA:418,50
DA:419,50
DA:420,50
DA:421,34
DA:422,129
DA:423,1
DA:424,1
DA:425,135
DA:426,135
DA:427,135
DA:428,135
DA:429,135
DA:430,7
DA:431,7
DA:432,7
DA:433,7
DA:434,7
DA:435,7
DA:436,11
DA:437,11
DA:438,11
DA:439,11
DA:440,11
DA:441,11
DA:442,11
DA:443,11
DA:444,11
DA:445,11
DA:446,11
DA:447,11
DA:448,11
DA:449,11
DA:450,11
DA:451,11
DA:452,11
DA:453,11
DA:454,11
DA:455,11
DA:456,7
DA:457,7
DA:458,135
DA:459,1
DA:460,1
DA:461,166
DA:462,166
DA:463,166
DA:464,166
DA:465,166
DA:466,13
DA:467,13
DA:468,13
DA:469,13
DA:470,13
DA:471,13
DA:472,13
DA:473,13
DA:474,13
DA:475,13
DA:476,13
DA:477,13
DA:478,13
DA:479,13
DA:480,13
DA:481,13
DA:482,13
DA:483,13
DA:484,10
DA:485,10
DA:486,10
DA:487,13
DA:488,13
DA:489,13
DA:490,13
DA:491,13
DA:492,13
DA:493,166
DA:494,1
DA:495,1
DA:496,166
DA:497,166
DA:498,166
DA:499,166
DA:500,166
DA:501,13
DA:502,13
DA:503,13
DA:504,13
DA:505,13
DA:506,13
DA:507,13
DA:508,13
DA:509,13
DA:510,13
DA:511,13
DA:512,13
DA:513,13
DA:514,13
DA:515,13
DA:516,13
DA:517,13
DA:518,12
DA:519,12
DA:520,12
DA:521,13
DA:522,13
DA:523,13
DA:524,13
DA:525,13
DA:526,13
DA:527,166
DA:528,1
DA:529,1
DA:530,137
DA:531,137
DA:532,137
DA:533,137
DA:534,137
DA:535,181
DA:536,181
DA:537,9
DA:538,1
DA:539,1
DA:540,1
DA:541,1
DA:542,1
DA:543,1
DA:544,8
DA:545,9
DA:546,2
DA:547,2
DA:548,2
DA:549,2
DA:550,2
DA:551,2
DA:552,2
DA:553,9
DA:554,6
DA:555,6
DA:556,6
DA:557,6
DA:558,6
DA:559,6
DA:560,9
DA:561,181
DA:562,137
DA:563,1
DA:564,1
DA:565,41
DA:566,41
DA:567,41
DA:568,41
DA:569,5
DA:570,5
DA:571,41
DA:572,41
DA:573,41
DA:574,1
DA:575,1
DA:576,41
DA:577,41
DA:578,41
DA:579,15
DA:580,15
DA:581,15
DA:582,15
DA:583,15
DA:584,15
DA:585,3
DA:586,3
DA:587,3
DA:588,3
DA:589,15
DA:590,15
DA:591,15
DA:592,41
DA:593,41
DA:594,41
DA:595,94
DA:596,94
DA:597,41
DA:598,41
DA:599,41
DA:600,44
DA:601,41
DA:602,41
DA:603,44
DA:604,41
DA:605,41
DA:606,41
DA:607,1
DA:608,1
DA:609,409
DA:610,409
DA:611,473
DA:612,473
DA:613,473
DA:614,473
DA:615,473
DA:616,31
DA:617,473
DA:618,260
DA:619,260
DA:620,260
DA:621,218
DA:622,218
DA:623,218
DA:624,218
DA:625,218
DA:626,218
DA:627,218
DA:628,442
DA:629,15
DA:630,182
DA:631,167
DA:632,167
DA:633,167
DA:634,167
DA:635,473
DA:636,409
DA:637,409
DA:638,409
DA:639,1
DA:640,1
DA:641,1
DA:642,1
DA:643,1
DA:644,1
DA:645,1
DA:646,1
DA:647,43
DA:648,43
DA:649,43
DA:650,43
DA:651,43
DA:652,43
DA:653,43
DA:654,75
DA:655,75
DA:656,41
DA:657,41
DA:658,41
LF:658
LH:650
BRDA:73,0,0,166
BRDA:80,1,0,48
BRDA:120,2,0,43
BRDA:129,3,0,47
BRDA:137,4,0,2
BRDA:144,5,0,75
BRDA:145,6,0,5
BRDA:149,7,0,70
BRDA:150,8,0,1
BRDA:159,9,0,69
BRDA:163,10,0,10
BRDA:166,11,0,59
BRDA:181,12,0,67
BRDA:188,13,0,3
BRDA:152,14,0,2
BRDA:194,15,0,91
BRDA:199,16,0,0
BRDA:216,17,0,96
BRDA:227,18,0,23
BRDA:233,19,0,189
BRDA:237,20,0,189
BRDA:238,21,0,154
BRDA:240,22,0,6
BRDA:241,23,0,4
BRDA:243,24,0,1
BRDA:251,25,0,187
BRDA:252,26,0,186
BRDA:254,27,0,1
BRDA:257,28,0,1
BRDA:262,29,0,189
BRDA:263,30,0,160
BRDA:265,31,0,29
BRDA:268,32,0,1
BRDA:268,33,0,28
BRDA:271,34,0,30
BRDA:273,35,0,29
BRDA:274,36,0,22
BRDA:275,37,0,21
BRDA:279,38,0,24
BRDA:280,39,0,6
BRDA:286,40,0,143
BRDA:292,41,0,220
BRDA:295,42,0,2
BRDA:303,43,0,95
BRDA:305,44,0,125
BRDA:312,45,0,87
BRDA:316,46,0,0
BRDA:327,47,0,48
BRDA:335,48,0,125
BRDA:295,49,0,2
BRDA:296,50,0,2
BRDA:340,51,0,136
BRDA:345,52,0,34
BRDA:346,53,0,1
BRDA:349,54,0,0
BRDA:352,55,0,33
BRDA:364,56,0,2
BRDA:366,57,0,31
BRDA:368,58,0,33
BRDA:386,59,0,129
BRDA:389,60,0,70
BRDA:389,61,0,39
BRDA:389,62,0,90
BRDA:391,63,0,34
BRDA:392,64,0,0
BRDA:397,65,0,50
BRDA:412,66,0,45
BRDA:394,67,0,50
BRDA:424,68,0,135
BRDA:427,69,0,76
BRDA:427,70,0,76
BRDA:427,71,0,59
BRDA:429,72,0,7
BRDA:430,73,0,0
BRDA:432,74,0,11
BRDA:435,75,0,11
BRDA:460,76,0,166
BRDA:463,77,0,107
BRDA:463,78,0,76
BRDA:463,79,0,90
BRDA:465,80,0,13
BRDA:466,81,0,0
BRDA:468,82,0,13
BRDA:471,83,0,13
BRDA:483,84,0,10
BRDA:495,85,0,166
BRDA:498,86,0,107
BRDA:498,87,0,76
BRDA:498,88,0,90
BRDA:500,89,0,13
BRDA:501,90,0,0
BRDA:503,91,0,13
BRDA:506,92,0,13
BRDA:517,93,0,12
BRDA:529,94,0,137
BRDA:534,95,0,181
BRDA:536,96,0,9
BRDA:537,97,0,1
BRDA:540,98,0,0
BRDA:543,99,0,8
BRDA:545,100,0,2
BRDA:553,101,0,6
BRDA:564,102,0,41
BRDA:568,103,0,5
BRDA:573,104,0,1
BRDA:578,105,0,15
BRDA:584,106,0,3
BRDA:594,107,0,94
BRDA:599,108,0,44
BRDA:600,109,0,41
BRDA:609,110,0,409
BRDA:609,111,0,253
BRDA:609,112,0,253
BRDA:609,113,0,156
BRDA:612,114,0,473
BRDA:611,115,0,473
BRDA:615,116,0,471
BRDA:615,117,0,31
BRDA:617,118,0,442
BRDA:617,119,0,440
BRDA:617,120,0,260
BRDA:620,121,0,218
BRDA:628,122,0,182
BRDA:628,123,0,15
BRDA:630,124,0,167
BRDA:632,125,0,1
BRDA:632,126,0,166
BRDA:616,127,0,35
BRDA:646,128,0,43
BRDA:653,129,0,75
BRDA:655,130,0,41
BRF:131
BRH:123
end_of_record
TN:
SF:src/utils.ts
FN:6,get
FN:19,getVarName
FN:29,forEach
FN:38,omit
FN:53,mapKeys
FN:66,isEqual
FN:91,composeStylesIntoSet
FN:112,dudupeAndJoinClassList
FNF:8
FNH:7
FNDA:0,get
FNDA:1,getVarName
FNDA:358,forEach
FNDA:179,omit
FNDA:1,mapKeys
FNDA:27,isEqual
FNDA:30,composeStylesIntoSet
FNDA:12,dudupeAndJoinClassList
DA:1,1
DA:2,1
DA:3,1
DA:4,1
DA:5,1
DA:6,1
DA:7,0
DA:8,0
DA:9,0
DA:10,0
DA:11,0
DA:12,0
DA:13,0
DA:14,0
DA:15,0
DA:16,0
DA:17,0
DA:18,1
DA:19,1
DA:20,1
DA:21,1
DA:22,1
DA:23,0
DA:24,0
DA:25,1
DA:26,1
DA:27,1
DA:28,1
DA:29,1
DA:30,358
DA:31,358
DA:32,358
DA:33,358
DA:34,225
DA:35,225
DA:36,358
DA:37,1
DA:38,1
DA:39,179
DA:40,179
DA:41,179
DA:42,179
DA:43,179
DA:44,179
DA:45,226
DA:46,140
DA:47,140
DA:48,226
DA:49,179
DA:50,179
DA:51,179
DA:52,1
DA:53,1
DA:54,1
DA:55,1
DA:56,1
DA:57,1
DA:58,1
DA:59,1
DA:60,1
DA:61,1
DA:62,1
DA:63,1
DA:64,1
DA:65,1
DA:66,1
DA:67,27
DA:68,1
DA:69,1
DA:70,26
DA:71,27
DA:72,15
DA:73,15
DA:74,15
DA:75,15
DA:76,1
DA:77,1
DA:78,14
DA:79,15
DA:80,19
DA:81,8
DA:82,8
DA:83,19
DA:84,6
DA:85,6
DA:86,27
DA:87,11
DA:88,11
DA:89,27
DA:90,1
DA:91,30
DA:92,30
DA:93,30
DA:94,30
DA:95,30
DA:96,83
DA:97,8
DA:98,8
DA:99,75
DA:100,83
DA:101,65
DA:102,8
DA:103,65
DA:104,57
DA:105,57
DA:106,83
DA:107,10
DA:108,10
DA:109,83
DA:110,30
DA:111,1
DA:112,1
DA:113,12
DA:114,12
DA:115,12
DA:116,12
DA:117,12
DA:118,12
LF:118
LH:105
BRDA:19,0,0,1
BRDA:22,1,0,0
BRDA:29,2,0,358
BRDA:33,3,0,225
BRDA:38,4,0,179
BRDA:44,5,0,226
BRDA:45,6,0,140
BRDA:53,7,0,1
BRDA:66,8,0,27
BRDA:67,9,0,1
BRDA:69,10,0,26
BRDA:71,11,0,15
BRDA:75,12,0,1
BRDA:77,13,0,14
BRDA:79,14,0,19
BRDA:80,15,0,8
BRDA:83,16,0,6
BRDA:86,17,0,11
BRDA:91,18,0,30
BRDA:93,19,0,0
BRDA:93,20,0,83
BRDA:95,21,0,83
BRDA:96,22,0,8
BRDA:98,23,0,75
BRDA:100,24,0,65
BRDA:101,25,0,8
BRDA:103,26,0,57
BRDA:106,27,0,10
BRDA:112,28,0,12
BRF:29
BRH:27
end_of_record
